2025-05-19 21:36:38,807 - trade_simulator - INFO - Connected to wss://ws.gomarket-cpp.goquant.io/ws/l2-orderbook/okx/BTC-USDT-SWAP
2025-05-19 21:36:49,267 - trade_simulator - INFO - Models trained successfully
2025-05-19 21:36:58,790 - trade_simulator - INFO - Models trained successfully
2025-05-19 21:37:05,467 - trade_simulator - WARNING - WebSocket timeout, reconnecting...
2025-05-19 21:37:35,488 - trade_simulator - INFO - Waiting 1 seconds before reconnecting...
2025-05-19 21:37:37,877 - trade_simulator - INFO - Connected to wss://ws.gomarket-cpp.goquant.io/ws/l2-orderbook/okx/BTC-USDT-SWAP
2025-05-19 21:37:46,175 - trade_simulator - INFO - Models trained successfully
2025-05-19 21:37:56,145 - trade_simulator - INFO - Models trained successfully
2025-05-19 21:38:06,150 - trade_simulator - INFO - Models trained successfully
2025-05-19 21:38:16,139 - trade_simulator - INFO - Models trained successfully
2025-05-19 21:38:26,258 - trade_simulator - INFO - Models trained successfully
2025-05-19 21:38:36,196 - trade_simulator - INFO - Models trained successfully
2025-05-19 21:38:46,208 - trade_simulator - INFO - Models trained successfully
2025-05-19 21:38:56,207 - trade_simulator - INFO - Models trained successfully
2025-05-19 21:38:56,263 - trade_simulator - INFO - Models trained successfully
2025-05-19 21:38:56,500 - trade_simulator - INFO - Models trained successfully
2025-05-19 21:38:56,517 - trade_simulator - INFO - Models trained successfully
2025-05-19 21:38:56,606 - trade_simulator - INFO - Models trained successfully
2025-05-19 21:38:56,666 - trade_simulator - INFO - Models trained successfully
2025-05-19 21:38:56,829 - trade_simulator - INFO - Models trained successfully
2025-05-19 21:38:56,845 - trade_simulator - INFO - Models trained successfully
2025-05-19 21:38:57,010 - trade_simulator - INFO - Models trained successfully
2025-05-19 21:38:57,046 - trade_simulator - INFO - Models trained successfully
2025-05-19 21:38:57,206 - trade_simulator - INFO - Models trained successfully
2025-05-19 21:38:57,223 - trade_simulator - INFO - Models trained successfully
2025-05-19 21:38:57,404 - trade_simulator - INFO - Models trained successfully
2025-05-19 21:38:57,506 - trade_simulator - INFO - Models trained successfully
2025-05-19 21:38:57,573 - trade_simulator - INFO - Models trained successfully
2025-05-19 21:38:57,702 - trade_simulator - INFO - Models trained successfully
2025-05-19 21:38:57,748 - trade_simulator - INFO - Models trained successfully
2025-05-19 21:38:57,928 - trade_simulator - INFO - Models trained successfully
2025-05-19 21:38:57,943 - trade_simulator - INFO - Models trained successfully
2025-05-19 21:38:58,100 - trade_simulator - INFO - Models trained successfully
2025-05-19 21:38:58,120 - trade_simulator - INFO - Models trained successfully
2025-05-19 21:38:58,300 - trade_simulator - INFO - Models trained successfully
2025-05-19 21:38:58,405 - trade_simulator - INFO - Models trained successfully
2025-05-19 21:38:58,473 - trade_simulator - INFO - Models trained successfully
2025-05-19 21:38:58,606 - trade_simulator - INFO - Models trained successfully
2025-05-19 21:38:58,642 - trade_simulator - INFO - Models trained successfully
2025-05-19 21:38:58,805 - trade_simulator - INFO - Models trained successfully
2025-05-19 21:38:58,823 - trade_simulator - INFO - Models trained successfully
2025-05-19 21:38:58,996 - trade_simulator - INFO - Models trained successfully
2025-05-19 21:38:59,106 - trade_simulator - INFO - Models trained successfully
2025-05-19 21:38:59,168 - trade_simulator - INFO - Models trained successfully
2025-05-19 21:38:59,323 - trade_simulator - INFO - Models trained successfully
2025-05-19 21:38:59,358 - trade_simulator - INFO - Models trained successfully
2025-05-19 21:38:59,501 - trade_simulator - INFO - Models trained successfully
2025-05-19 21:38:59,526 - trade_simulator - INFO - Models trained successfully
2025-05-19 21:38:59,705 - trade_simulator - INFO - Models trained successfully
2025-05-19 21:38:59,807 - trade_simulator - INFO - Models trained successfully
2025-05-19 21:38:59,881 - trade_simulator - INFO - Models trained successfully
2025-05-19 21:39:00,004 - trade_simulator - INFO - Models trained successfully
2025-05-19 21:39:00,053 - trade_simulator - INFO - Models trained successfully
2025-05-19 21:39:00,204 - trade_simulator - INFO - Models trained successfully
2025-05-19 21:39:00,226 - trade_simulator - INFO - Models trained successfully
2025-05-19 21:39:00,401 - trade_simulator - INFO - Models trained successfully
2025-05-19 21:39:00,514 - trade_simulator - INFO - Models trained successfully
2025-05-19 21:39:00,576 - trade_simulator - INFO - Models trained successfully
2025-05-19 21:39:00,705 - trade_simulator - INFO - Models trained successfully
2025-05-19 21:39:00,747 - trade_simulator - INFO - Models trained successfully
2025-05-19 21:39:00,922 - trade_simulator - INFO - Models trained successfully
2025-05-19 21:39:00,938 - trade_simulator - INFO - Models trained successfully
2025-05-19 21:39:01,105 - trade_simulator - INFO - Models trained successfully
2025-05-19 21:39:01,180 - trade_simulator - INFO - Models trained successfully
2025-05-19 21:39:01,308 - trade_simulator - INFO - Models trained successfully
2025-05-19 21:39:01,354 - trade_simulator - INFO - Models trained successfully
2025-05-19 21:39:01,513 - trade_simulator - INFO - Models trained successfully
2025-05-19 21:39:01,529 - trade_simulator - INFO - Models trained successfully
2025-05-19 21:39:01,701 - trade_simulator - INFO - Models trained successfully
2025-05-19 21:39:01,817 - trade_simulator - INFO - Models trained successfully
2025-05-19 21:39:01,877 - trade_simulator - INFO - Models trained successfully
2025-05-19 21:39:02,005 - trade_simulator - INFO - Models trained successfully
2025-05-19 21:39:02,048 - trade_simulator - INFO - Models trained successfully
2025-05-19 21:39:02,209 - trade_simulator - INFO - Models trained successfully
2025-05-19 21:39:02,225 - trade_simulator - INFO - Models trained successfully
2025-05-19 21:39:02,401 - trade_simulator - INFO - Models trained successfully
2025-05-19 21:39:02,513 - trade_simulator - INFO - Models trained successfully
2025-05-19 21:39:02,586 - trade_simulator - INFO - Models trained successfully
2025-05-19 21:39:02,737 - trade_simulator - INFO - Models trained successfully
2025-05-19 21:39:02,753 - trade_simulator - INFO - Models trained successfully
2025-05-19 21:39:02,907 - trade_simulator - INFO - Models trained successfully
2025-05-19 21:39:02,923 - trade_simulator - INFO - Models trained successfully
2025-05-19 21:39:03,096 - trade_simulator - INFO - Models trained successfully
2025-05-19 21:39:03,205 - trade_simulator - INFO - Models trained successfully
2025-05-19 21:39:03,275 - trade_simulator - INFO - Models trained successfully
2025-05-19 21:39:03,414 - trade_simulator - INFO - Models trained successfully
2025-05-19 21:39:03,442 - trade_simulator - INFO - Models trained successfully
2025-05-19 21:39:03,621 - trade_simulator - INFO - Models trained successfully
2025-05-19 21:39:03,639 - trade_simulator - INFO - Models trained successfully
2025-05-19 21:39:03,807 - trade_simulator - INFO - Models trained successfully
2025-05-19 21:39:03,823 - trade_simulator - INFO - Models trained successfully
2025-05-19 21:39:04,077 - trade_simulator - INFO - Models trained successfully
2025-05-19 21:39:04,092 - trade_simulator - INFO - Models trained successfully
2025-05-19 21:39:04,280 - trade_simulator - INFO - Models trained successfully
2025-05-19 21:39:04,296 - trade_simulator - INFO - Models trained successfully
2025-05-19 21:39:04,404 - trade_simulator - INFO - Models trained successfully
2025-05-19 21:39:04,477 - trade_simulator - INFO - Models trained successfully
2025-05-19 21:39:04,606 - trade_simulator - INFO - Models trained successfully
2025-05-19 21:39:04,643 - trade_simulator - INFO - Models trained successfully
2025-05-19 21:39:04,806 - trade_simulator - INFO - Models trained successfully
2025-05-19 21:39:04,822 - trade_simulator - INFO - Models trained successfully
2025-05-19 21:39:05,000 - trade_simulator - INFO - Models trained successfully
2025-05-19 21:39:05,107 - trade_simulator - INFO - Models trained successfully
2025-05-19 21:39:05,175 - trade_simulator - INFO - Models trained successfully
2025-05-19 21:39:05,307 - trade_simulator - INFO - Models trained successfully
2025-05-19 21:39:05,345 - trade_simulator - INFO - Models trained successfully
2025-05-19 21:39:05,508 - trade_simulator - INFO - Models trained successfully
2025-05-19 21:39:05,524 - trade_simulator - INFO - Models trained successfully
2025-05-19 21:39:05,711 - trade_simulator - INFO - Models trained successfully
2025-05-19 21:39:05,808 - trade_simulator - INFO - Models trained successfully
2025-05-19 21:39:05,885 - trade_simulator - INFO - Models trained successfully
2025-05-19 21:39:06,022 - trade_simulator - INFO - Models trained successfully
2025-05-19 21:39:06,060 - trade_simulator - INFO - Models trained successfully
2025-05-19 21:39:06,226 - trade_simulator - INFO - Models trained successfully
2025-05-19 21:39:06,242 - trade_simulator - INFO - Models trained successfully
2025-05-19 21:39:06,412 - trade_simulator - INFO - Models trained successfully
2025-05-19 21:39:06,428 - trade_simulator - INFO - Models trained successfully
2025-05-19 21:39:06,606 - trade_simulator - INFO - Models trained successfully
2025-05-19 21:39:06,709 - trade_simulator - INFO - Models trained successfully
2025-05-19 21:39:06,775 - trade_simulator - INFO - Models trained successfully
2025-05-19 21:39:06,919 - trade_simulator - INFO - Models trained successfully
2025-05-19 21:39:06,944 - trade_simulator - INFO - Models trained successfully
2025-05-19 21:39:07,114 - trade_simulator - INFO - Models trained successfully
2025-05-19 21:39:07,132 - trade_simulator - INFO - Models trained successfully
2025-05-19 21:39:07,301 - trade_simulator - INFO - Models trained successfully
2025-05-19 21:39:07,408 - trade_simulator - INFO - Models trained successfully
2025-05-19 21:39:07,475 - trade_simulator - INFO - Models trained successfully
2025-05-19 21:39:07,607 - trade_simulator - INFO - Models trained successfully
2025-05-19 21:39:07,646 - trade_simulator - INFO - Models trained successfully
2025-05-19 21:39:07,817 - trade_simulator - INFO - Models trained successfully
2025-05-19 21:39:07,832 - trade_simulator - INFO - Models trained successfully
2025-05-19 21:39:08,015 - trade_simulator - INFO - Models trained successfully
2025-05-19 21:39:08,030 - trade_simulator - INFO - Models trained successfully
2025-05-19 21:39:08,203 - trade_simulator - INFO - Models trained successfully
2025-05-19 21:39:08,219 - trade_simulator - INFO - Models trained successfully
2025-05-19 21:39:08,393 - trade_simulator - INFO - Models trained successfully
2025-05-19 21:39:08,510 - trade_simulator - INFO - Models trained successfully
2025-05-19 21:39:08,562 - trade_simulator - INFO - Models trained successfully
2025-05-19 21:39:08,704 - trade_simulator - INFO - Models trained successfully
2025-05-19 21:39:08,728 - trade_simulator - INFO - Models trained successfully
2025-05-19 21:39:08,918 - trade_simulator - INFO - Models trained successfully
2025-05-19 21:39:08,934 - trade_simulator - INFO - Models trained successfully
2025-05-19 21:39:09,102 - trade_simulator - INFO - Models trained successfully
2025-05-19 21:39:09,117 - trade_simulator - INFO - Models trained successfully
2025-05-19 21:39:09,293 - trade_simulator - INFO - Models trained successfully
2025-05-19 21:39:09,403 - trade_simulator - INFO - Models trained successfully
2025-05-19 21:39:09,466 - trade_simulator - INFO - Models trained successfully
2025-05-19 21:39:09,618 - trade_simulator - INFO - Models trained successfully
2025-05-19 21:39:09,634 - trade_simulator - INFO - Models trained successfully
2025-05-19 21:39:09,809 - trade_simulator - INFO - Models trained successfully
2025-05-19 21:39:09,908 - trade_simulator - INFO - Models trained successfully
2025-05-19 21:39:09,987 - trade_simulator - INFO - Models trained successfully
2025-05-19 21:39:10,117 - trade_simulator - INFO - Models trained successfully
2025-05-19 21:39:10,160 - trade_simulator - INFO - Models trained successfully
2025-05-19 21:39:10,307 - trade_simulator - INFO - Models trained successfully
2025-05-19 21:39:10,330 - trade_simulator - INFO - Models trained successfully
2025-05-19 21:39:10,502 - trade_simulator - INFO - Models trained successfully
2025-05-19 21:39:10,631 - trade_simulator - INFO - Models trained successfully
2025-05-19 21:39:10,672 - trade_simulator - INFO - Models trained successfully
2025-05-19 21:39:10,813 - trade_simulator - INFO - Models trained successfully
2025-05-19 21:39:10,848 - trade_simulator - INFO - Models trained successfully
2025-05-19 21:39:11,014 - trade_simulator - INFO - Models trained successfully
2025-05-19 21:39:11,030 - trade_simulator - INFO - Models trained successfully
2025-05-19 21:39:11,200 - trade_simulator - INFO - Models trained successfully
2025-05-19 21:39:11,312 - trade_simulator - INFO - Models trained successfully
2025-05-19 21:39:11,374 - trade_simulator - INFO - Models trained successfully
2025-05-19 21:39:11,519 - trade_simulator - INFO - Models trained successfully
2025-05-19 21:39:11,535 - trade_simulator - INFO - Models trained successfully
2025-05-19 21:39:11,708 - trade_simulator - INFO - Models trained successfully
2025-05-19 21:39:11,723 - trade_simulator - INFO - Models trained successfully
2025-05-19 21:39:11,902 - trade_simulator - INFO - Models trained successfully
2025-05-19 21:39:12,005 - trade_simulator - INFO - Models trained successfully
2025-05-19 21:39:12,071 - trade_simulator - INFO - Models trained successfully
2025-05-19 21:39:12,215 - trade_simulator - INFO - Models trained successfully
2025-05-19 21:39:12,239 - trade_simulator - INFO - Models trained successfully
2025-05-19 21:39:12,422 - trade_simulator - INFO - Models trained successfully
2025-05-19 21:39:12,438 - trade_simulator - INFO - Models trained successfully
2025-05-19 21:39:12,613 - trade_simulator - INFO - Models trained successfully
2025-05-19 21:39:12,710 - trade_simulator - INFO - Models trained successfully
2025-05-19 21:39:12,798 - trade_simulator - INFO - Models trained successfully
2025-05-19 21:39:12,919 - trade_simulator - INFO - Models trained successfully
2025-05-19 21:39:12,961 - trade_simulator - INFO - Models trained successfully
2025-05-19 21:39:13,110 - trade_simulator - INFO - Models trained successfully
2025-05-19 21:39:13,134 - trade_simulator - INFO - Models trained successfully
2025-05-19 21:39:13,321 - trade_simulator - INFO - Models trained successfully
2025-05-19 21:39:13,337 - trade_simulator - INFO - Models trained successfully
2025-05-19 21:39:13,511 - trade_simulator - INFO - Models trained successfully
2025-05-19 21:39:13,526 - trade_simulator - INFO - Models trained successfully
2025-05-19 21:39:13,698 - trade_simulator - INFO - Models trained successfully
2025-05-19 21:39:13,804 - trade_simulator - INFO - Models trained successfully
2025-05-19 21:39:13,870 - trade_simulator - INFO - Models trained successfully
2025-05-19 21:39:14,009 - trade_simulator - INFO - Models trained successfully
2025-05-19 21:39:14,041 - trade_simulator - INFO - Models trained successfully
2025-05-19 21:39:14,216 - trade_simulator - INFO - Models trained successfully
2025-05-19 21:39:14,233 - trade_simulator - INFO - Models trained successfully
2025-05-19 21:39:14,414 - trade_simulator - INFO - Models trained successfully
2025-05-19 21:39:14,430 - trade_simulator - INFO - Models trained successfully
2025-05-19 21:39:14,610 - trade_simulator - INFO - Models trained successfully
2025-05-19 21:39:14,713 - trade_simulator - INFO - Models trained successfully
2025-05-19 21:39:14,776 - trade_simulator - INFO - Models trained successfully
2025-05-19 21:39:14,905 - trade_simulator - INFO - Models trained successfully
2025-05-19 21:39:14,946 - trade_simulator - INFO - Models trained successfully
2025-05-19 21:39:15,105 - trade_simulator - INFO - Models trained successfully
2025-05-19 21:39:15,121 - trade_simulator - INFO - Models trained successfully
2025-05-19 21:39:15,294 - trade_simulator - INFO - Models trained successfully
2025-05-19 21:39:15,415 - trade_simulator - INFO - Models trained successfully
2025-05-19 21:39:15,470 - trade_simulator - INFO - Models trained successfully
2025-05-19 21:39:15,613 - trade_simulator - INFO - Models trained successfully
2025-05-19 21:39:15,635 - trade_simulator - INFO - Models trained successfully
2025-05-19 21:39:15,825 - trade_simulator - INFO - Models trained successfully
2025-05-19 21:39:15,927 - trade_simulator - INFO - Models trained successfully
2025-05-19 21:39:16,009 - trade_simulator - INFO - Models trained successfully
2025-05-19 21:39:16,023 - trade_simulator - INFO - Models trained successfully
2025-05-19 21:39:16,204 - trade_simulator - INFO - Models trained successfully
2025-05-19 21:39:16,315 - trade_simulator - INFO - Models trained successfully
2025-05-19 21:39:16,387 - trade_simulator - INFO - Models trained successfully
2025-05-19 21:39:16,509 - trade_simulator - INFO - Models trained successfully
2025-05-19 21:39:16,560 - trade_simulator - INFO - Models trained successfully
2025-05-19 21:39:16,712 - trade_simulator - INFO - Models trained successfully
2025-05-19 21:39:16,732 - trade_simulator - INFO - Models trained successfully
2025-05-19 21:39:16,908 - trade_simulator - INFO - Models trained successfully
2025-05-19 21:39:17,010 - trade_simulator - INFO - Models trained successfully
2025-05-19 21:39:17,088 - trade_simulator - INFO - Models trained successfully
2025-05-19 21:39:17,210 - trade_simulator - INFO - Models trained successfully
2025-05-19 21:39:17,263 - trade_simulator - INFO - Models trained successfully
2025-05-19 21:39:17,407 - trade_simulator - INFO - Models trained successfully
2025-05-19 21:39:17,426 - trade_simulator - INFO - Models trained successfully
2025-05-19 21:39:17,601 - trade_simulator - INFO - Models trained successfully
2025-05-19 21:39:17,726 - trade_simulator - INFO - Models trained successfully
2025-05-19 21:39:17,766 - trade_simulator - INFO - Models trained successfully
2025-05-19 21:39:17,914 - trade_simulator - INFO - Models trained successfully
2025-05-19 21:39:17,941 - trade_simulator - INFO - Models trained successfully
2025-05-19 21:39:18,122 - trade_simulator - INFO - Models trained successfully
2025-05-19 21:39:18,138 - trade_simulator - INFO - Models trained successfully
2025-05-19 21:39:18,318 - trade_simulator - INFO - Models trained successfully
2025-05-19 21:39:18,336 - trade_simulator - INFO - Models trained successfully
2025-05-19 21:39:18,522 - trade_simulator - INFO - Models trained successfully
2025-05-19 21:39:18,622 - trade_simulator - INFO - Models trained successfully
2025-05-19 21:39:18,705 - trade_simulator - INFO - Models trained successfully
2025-05-19 21:39:18,815 - trade_simulator - INFO - Models trained successfully
2025-05-19 21:39:18,873 - trade_simulator - INFO - Models trained successfully
2025-05-19 21:39:19,015 - trade_simulator - INFO - Models trained successfully
2025-05-19 21:39:19,036 - trade_simulator - INFO - Models trained successfully
2025-05-19 21:39:19,214 - trade_simulator - INFO - Models trained successfully
2025-05-19 21:39:19,232 - trade_simulator - INFO - Models trained successfully
2025-05-19 21:39:19,415 - trade_simulator - INFO - Models trained successfully
2025-05-19 21:39:19,533 - trade_simulator - INFO - Models trained successfully
2025-05-19 21:39:19,589 - trade_simulator - INFO - Models trained successfully
2025-05-19 21:39:19,716 - trade_simulator - INFO - Models trained successfully
2025-05-19 21:39:19,756 - trade_simulator - INFO - Models trained successfully
2025-05-19 21:39:19,913 - trade_simulator - INFO - Models trained successfully
2025-05-19 21:39:19,932 - trade_simulator - INFO - Models trained successfully
2025-05-19 21:39:20,109 - trade_simulator - INFO - Models trained successfully
2025-05-19 21:39:20,213 - trade_simulator - INFO - Models trained successfully
2025-05-19 21:39:20,276 - trade_simulator - INFO - Models trained successfully
2025-05-19 21:39:20,410 - trade_simulator - INFO - Models trained successfully
2025-05-19 21:39:20,443 - trade_simulator - INFO - Models trained successfully
2025-05-19 21:39:20,614 - trade_simulator - INFO - Models trained successfully
2025-05-19 21:39:20,629 - trade_simulator - INFO - Models trained successfully
2025-05-19 21:39:20,801 - trade_simulator - INFO - Models trained successfully
2025-05-19 21:39:20,913 - trade_simulator - INFO - Models trained successfully
2025-05-19 21:39:20,970 - trade_simulator - INFO - Models trained successfully
2025-05-19 21:39:21,122 - trade_simulator - INFO - Models trained successfully
2025-05-19 21:39:21,137 - trade_simulator - INFO - Models trained successfully
2025-05-19 21:39:21,312 - trade_simulator - INFO - Models trained successfully
2025-05-19 21:39:21,327 - trade_simulator - INFO - Models trained successfully
2025-05-19 21:39:21,500 - trade_simulator - INFO - Models trained successfully
2025-05-19 21:39:21,612 - trade_simulator - INFO - Models trained successfully
2025-05-19 21:39:21,677 - trade_simulator - INFO - Models trained successfully
2025-05-19 21:39:21,813 - trade_simulator - INFO - Models trained successfully
2025-05-19 21:39:21,846 - trade_simulator - INFO - Models trained successfully
2025-05-19 21:39:22,204 - trade_simulator - INFO - Models trained successfully
2025-05-19 21:39:22,218 - trade_simulator - INFO - Models trained successfully
2025-05-19 21:39:22,235 - trade_simulator - INFO - Models trained successfully
2025-05-19 21:39:22,327 - trade_simulator - INFO - Models trained successfully
2025-05-19 21:39:22,386 - trade_simulator - INFO - Models trained successfully
2025-05-19 21:39:22,516 - trade_simulator - INFO - Models trained successfully
2025-05-19 21:39:22,573 - trade_simulator - INFO - Models trained successfully
2025-05-19 21:39:22,749 - trade_simulator - INFO - Models trained successfully
2025-05-19 21:39:22,827 - trade_simulator - INFO - Models trained successfully
2025-05-19 21:39:22,914 - trade_simulator - INFO - Models trained successfully
2025-05-19 21:39:22,931 - trade_simulator - INFO - Models trained successfully
2025-05-19 21:39:23,107 - trade_simulator - INFO - Models trained successfully
2025-05-19 21:39:23,220 - trade_simulator - INFO - Models trained successfully
2025-05-19 21:39:23,276 - trade_simulator - INFO - Models trained successfully
2025-05-19 21:39:23,428 - trade_simulator - INFO - Models trained successfully
2025-05-19 21:39:23,447 - trade_simulator - INFO - Models trained successfully
2025-05-19 21:39:23,618 - trade_simulator - INFO - Models trained successfully
2025-05-19 21:39:23,633 - trade_simulator - INFO - Models trained successfully
2025-05-19 21:39:23,806 - trade_simulator - INFO - Models trained successfully
2025-05-19 21:39:23,908 - trade_simulator - INFO - Models trained successfully
2025-05-19 21:39:23,984 - trade_simulator - INFO - Models trained successfully
2025-05-19 21:39:24,135 - trade_simulator - INFO - Models trained successfully
2025-05-19 21:39:24,151 - trade_simulator - INFO - Models trained successfully
2025-05-19 21:39:24,312 - trade_simulator - INFO - Models trained successfully
2025-05-19 21:39:24,328 - trade_simulator - INFO - Models trained successfully
2025-05-19 21:39:24,575 - trade_simulator - INFO - Models trained successfully
2025-05-19 21:39:24,607 - trade_simulator - INFO - Models trained successfully
2025-05-19 21:39:24,712 - trade_simulator - INFO - Models trained successfully
2025-05-19 21:39:24,743 - trade_simulator - INFO - Models trained successfully
2025-05-19 21:39:24,910 - trade_simulator - INFO - Models trained successfully
2025-05-19 21:39:24,928 - trade_simulator - INFO - Models trained successfully
2025-05-19 21:39:25,105 - trade_simulator - INFO - Models trained successfully
2025-05-19 21:39:25,214 - trade_simulator - INFO - Models trained successfully
2025-05-19 21:39:25,273 - trade_simulator - INFO - Models trained successfully
2025-05-19 21:39:25,411 - trade_simulator - INFO - Models trained successfully
2025-05-19 21:39:25,443 - trade_simulator - INFO - Models trained successfully
2025-05-19 21:39:25,637 - trade_simulator - INFO - Models trained successfully
2025-05-19 21:39:25,653 - trade_simulator - INFO - Models trained successfully
2025-05-19 21:39:25,812 - trade_simulator - INFO - Models trained successfully
2025-05-19 21:39:25,828 - trade_simulator - INFO - Models trained successfully
2025-05-19 21:39:26,002 - trade_simulator - INFO - Models trained successfully
2025-05-19 21:39:26,114 - trade_simulator - INFO - Models trained successfully
2025-05-19 21:39:26,185 - trade_simulator - INFO - Models trained successfully
2025-05-19 21:39:26,318 - trade_simulator - INFO - Models trained successfully
2025-05-19 21:39:26,348 - trade_simulator - INFO - Models trained successfully
2025-05-19 21:39:26,514 - trade_simulator - INFO - Models trained successfully
2025-05-19 21:39:26,530 - trade_simulator - INFO - Models trained successfully
2025-05-19 21:39:26,713 - trade_simulator - INFO - Models trained successfully
2025-05-19 21:39:26,729 - trade_simulator - INFO - Models trained successfully
2025-05-19 21:39:26,904 - trade_simulator - INFO - Models trained successfully
2025-05-19 21:39:27,008 - trade_simulator - INFO - Models trained successfully
2025-05-19 21:39:27,088 - trade_simulator - INFO - Models trained successfully
2025-05-19 21:39:27,211 - trade_simulator - INFO - Models trained successfully
2025-05-19 21:39:27,249 - trade_simulator - INFO - Models trained successfully
2025-05-19 21:39:27,412 - trade_simulator - INFO - Models trained successfully
2025-05-19 21:39:27,428 - trade_simulator - INFO - Models trained successfully
2025-05-19 21:39:27,606 - trade_simulator - INFO - Models trained successfully
2025-05-19 21:39:27,733 - trade_simulator - INFO - Models trained successfully
2025-05-19 21:39:27,783 - trade_simulator - INFO - Models trained successfully
2025-05-19 21:39:27,915 - trade_simulator - INFO - Models trained successfully
2025-05-19 21:39:27,954 - trade_simulator - INFO - Models trained successfully
2025-05-19 21:39:28,113 - trade_simulator - INFO - Models trained successfully
2025-05-19 21:39:28,129 - trade_simulator - INFO - Models trained successfully
2025-05-19 21:39:28,307 - trade_simulator - INFO - Models trained successfully
2025-05-19 21:39:28,427 - trade_simulator - INFO - Models trained successfully
2025-05-19 21:39:28,483 - trade_simulator - INFO - Models trained successfully
2025-05-19 21:39:28,625 - trade_simulator - INFO - Models trained successfully
2025-05-19 21:39:28,664 - trade_simulator - INFO - Models trained successfully
2025-05-19 21:39:28,817 - trade_simulator - INFO - Models trained successfully
2025-05-19 21:39:28,833 - trade_simulator - INFO - Models trained successfully
2025-05-19 21:39:29,008 - trade_simulator - INFO - Models trained successfully
2025-05-19 21:39:29,108 - trade_simulator - INFO - Models trained successfully
2025-05-19 21:39:29,191 - trade_simulator - INFO - Models trained successfully
2025-05-19 21:39:29,374 - trade_simulator - INFO - Models trained successfully
2025-05-19 21:39:29,415 - trade_simulator - INFO - Models trained successfully
2025-05-19 21:39:29,478 - trade_simulator - INFO - Models trained successfully
2025-05-19 21:39:29,612 - trade_simulator - INFO - Models trained successfully
2025-05-19 21:39:29,649 - trade_simulator - INFO - Models trained successfully
2025-05-19 21:39:29,809 - trade_simulator - INFO - Models trained successfully
2025-05-19 21:39:29,825 - trade_simulator - INFO - Models trained successfully
2025-05-19 21:39:29,997 - trade_simulator - INFO - Models trained successfully
2025-05-19 21:39:30,109 - trade_simulator - INFO - Models trained successfully
2025-05-19 21:39:30,176 - trade_simulator - INFO - Models trained successfully
2025-05-19 21:39:30,309 - trade_simulator - INFO - Models trained successfully
2025-05-19 21:39:30,348 - trade_simulator - INFO - Models trained successfully
2025-05-19 21:39:30,525 - trade_simulator - INFO - Models trained successfully
2025-05-19 21:39:30,617 - trade_simulator - INFO - Models trained successfully
2025-05-19 21:39:30,713 - trade_simulator - INFO - Models trained successfully
2025-05-19 21:39:30,729 - trade_simulator - INFO - Models trained successfully
2025-05-19 21:39:30,909 - trade_simulator - INFO - Models trained successfully
2025-05-19 21:39:31,026 - trade_simulator - INFO - Models trained successfully
2025-05-19 21:39:31,078 - trade_simulator - INFO - Models trained successfully
2025-05-19 21:39:31,213 - trade_simulator - INFO - Models trained successfully
2025-05-19 21:39:31,250 - trade_simulator - INFO - Models trained successfully
2025-05-19 21:39:31,423 - trade_simulator - INFO - Models trained successfully
2025-05-19 21:39:31,439 - trade_simulator - INFO - Models trained successfully
2025-05-19 21:39:31,618 - trade_simulator - INFO - Models trained successfully
2025-05-19 21:39:31,633 - trade_simulator - INFO - Models trained successfully
2025-05-19 21:39:31,808 - trade_simulator - INFO - Models trained successfully
2025-05-19 21:39:31,918 - trade_simulator - INFO - Models trained successfully
2025-05-19 21:39:31,998 - trade_simulator - INFO - Models trained successfully
2025-05-19 21:39:32,129 - trade_simulator - INFO - Models trained successfully
2025-05-19 21:39:32,172 - trade_simulator - INFO - Models trained successfully
2025-05-19 21:39:32,317 - trade_simulator - INFO - Models trained successfully
2025-05-19 21:39:32,343 - trade_simulator - INFO - Models trained successfully
2025-05-19 21:39:32,516 - trade_simulator - INFO - Models trained successfully
2025-05-19 21:39:32,531 - trade_simulator - INFO - Models trained successfully
2025-05-19 21:39:32,708 - trade_simulator - INFO - Models trained successfully
2025-05-19 21:39:32,812 - trade_simulator - INFO - Models trained successfully
2025-05-19 21:39:32,886 - trade_simulator - INFO - Models trained successfully
2025-05-19 21:39:33,016 - trade_simulator - INFO - Models trained successfully
2025-05-19 21:39:33,049 - trade_simulator - INFO - Models trained successfully
2025-05-19 21:39:33,218 - trade_simulator - INFO - Models trained successfully
2025-05-19 21:39:33,235 - trade_simulator - INFO - Models trained successfully
2025-05-19 21:39:33,470 - trade_simulator - INFO - Models trained successfully
2025-05-19 21:39:33,676 - trade_simulator - INFO - Models trained successfully
2025-05-19 21:39:33,693 - trade_simulator - INFO - Models trained successfully
2025-05-19 21:39:33,708 - trade_simulator - INFO - Models trained successfully
2025-05-19 21:39:33,814 - trade_simulator - INFO - Models trained successfully
2025-05-19 21:39:33,876 - trade_simulator - INFO - Models trained successfully
2025-05-19 21:39:34,028 - trade_simulator - INFO - Models trained successfully
2025-05-19 21:39:34,049 - trade_simulator - INFO - Models trained successfully
2025-05-19 21:39:34,210 - trade_simulator - INFO - Models trained successfully
2025-05-19 21:39:34,226 - trade_simulator - INFO - Models trained successfully
2025-05-19 21:39:34,397 - trade_simulator - INFO - Models trained successfully
2025-05-19 21:39:34,513 - trade_simulator - INFO - Models trained successfully
2025-05-19 21:39:34,571 - trade_simulator - INFO - Models trained successfully
2025-05-19 21:39:34,717 - trade_simulator - INFO - Models trained successfully
2025-05-19 21:39:34,744 - trade_simulator - INFO - Models trained successfully
2025-05-19 21:39:34,916 - trade_simulator - INFO - Models trained successfully
2025-05-19 21:39:34,931 - trade_simulator - INFO - Models trained successfully
2025-05-19 21:39:35,103 - trade_simulator - INFO - Models trained successfully
2025-05-19 21:39:35,223 - trade_simulator - INFO - Models trained successfully
2025-05-19 21:39:35,278 - trade_simulator - INFO - Models trained successfully
2025-05-19 21:39:35,438 - trade_simulator - INFO - Models trained successfully
2025-05-19 21:39:35,453 - trade_simulator - INFO - Models trained successfully
2025-05-19 21:39:35,614 - trade_simulator - INFO - Models trained successfully
2025-05-19 21:39:35,633 - trade_simulator - INFO - Models trained successfully
2025-05-19 21:39:35,813 - trade_simulator - INFO - Models trained successfully
2025-05-19 21:39:35,913 - trade_simulator - INFO - Models trained successfully
2025-05-19 21:39:35,986 - trade_simulator - INFO - Models trained successfully
2025-05-19 21:39:36,113 - trade_simulator - INFO - Models trained successfully
2025-05-19 21:39:36,163 - trade_simulator - INFO - Models trained successfully
2025-05-19 21:39:36,337 - trade_simulator - INFO - Models trained successfully
2025-05-19 21:39:36,352 - trade_simulator - INFO - Models trained successfully
2025-05-19 21:39:36,518 - trade_simulator - INFO - Models trained successfully
2025-05-19 21:39:36,534 - trade_simulator - INFO - Models trained successfully
2025-05-19 21:39:36,707 - trade_simulator - INFO - Models trained successfully
2025-05-19 21:39:36,812 - trade_simulator - INFO - Models trained successfully
2025-05-19 21:39:36,879 - trade_simulator - INFO - Models trained successfully
2025-05-19 21:39:37,014 - trade_simulator - INFO - Models trained successfully
2025-05-19 21:39:37,047 - trade_simulator - INFO - Models trained successfully
2025-05-19 21:39:37,215 - trade_simulator - INFO - Models trained successfully
2025-05-19 21:39:37,230 - trade_simulator - INFO - Models trained successfully
2025-05-19 21:39:37,403 - trade_simulator - INFO - Models trained successfully
2025-05-19 21:39:37,513 - trade_simulator - INFO - Models trained successfully
2025-05-19 21:39:37,573 - trade_simulator - INFO - Models trained successfully
2025-05-19 21:39:37,714 - trade_simulator - INFO - Models trained successfully
2025-05-19 21:39:37,745 - trade_simulator - INFO - Models trained successfully
2025-05-19 21:39:37,913 - trade_simulator - INFO - Models trained successfully
2025-05-19 21:39:37,929 - trade_simulator - INFO - Models trained successfully
2025-05-19 21:39:38,104 - trade_simulator - INFO - Models trained successfully
2025-05-19 21:39:38,216 - trade_simulator - INFO - Models trained successfully
2025-05-19 21:39:38,277 - trade_simulator - INFO - Models trained successfully
2025-05-19 21:39:38,421 - trade_simulator - INFO - Models trained successfully
2025-05-19 21:39:38,443 - trade_simulator - INFO - Models trained successfully
2025-05-19 21:39:38,614 - trade_simulator - INFO - Models trained successfully
2025-05-19 21:39:38,628 - trade_simulator - INFO - Models trained successfully
2025-05-19 21:39:38,804 - trade_simulator - INFO - Models trained successfully
2025-05-19 21:39:38,925 - trade_simulator - INFO - Models trained successfully
2025-05-19 21:39:38,980 - trade_simulator - INFO - Models trained successfully
2025-05-19 21:39:39,119 - trade_simulator - INFO - Models trained successfully
2025-05-19 21:39:39,175 - trade_simulator - INFO - Models trained successfully
2025-05-19 21:39:39,317 - trade_simulator - INFO - Models trained successfully
2025-05-19 21:39:39,351 - trade_simulator - INFO - Models trained successfully
2025-05-19 21:39:39,537 - trade_simulator - INFO - Models trained successfully
2025-05-19 21:39:39,552 - trade_simulator - INFO - Models trained successfully
2025-05-19 21:39:39,721 - trade_simulator - INFO - Models trained successfully
2025-05-19 21:39:39,736 - trade_simulator - INFO - Models trained successfully
2025-05-19 21:39:39,908 - trade_simulator - INFO - Models trained successfully
2025-05-19 21:39:40,020 - trade_simulator - INFO - Models trained successfully
2025-05-19 21:39:40,084 - trade_simulator - INFO - Models trained successfully
2025-05-19 21:39:40,213 - trade_simulator - INFO - Models trained successfully
2025-05-19 21:39:40,259 - trade_simulator - INFO - Models trained successfully
2025-05-19 21:39:40,429 - trade_simulator - INFO - Models trained successfully
2025-05-19 21:39:40,445 - trade_simulator - INFO - Models trained successfully
2025-05-19 21:39:40,617 - trade_simulator - INFO - Models trained successfully
2025-05-19 21:39:40,633 - trade_simulator - INFO - Models trained successfully
2025-05-19 21:39:40,820 - trade_simulator - INFO - Models trained successfully
2025-05-19 21:39:40,835 - trade_simulator - INFO - Models trained successfully
2025-05-19 21:39:41,017 - trade_simulator - INFO - Models trained successfully
2025-05-19 21:39:41,033 - trade_simulator - INFO - Models trained successfully
2025-05-19 21:39:41,217 - trade_simulator - INFO - Models trained successfully
2025-05-19 21:39:41,235 - trade_simulator - INFO - Models trained successfully
2025-05-19 21:39:41,412 - trade_simulator - INFO - Models trained successfully
2025-05-19 21:39:41,530 - trade_simulator - INFO - Models trained successfully
2025-05-19 21:39:41,600 - trade_simulator - INFO - Models trained successfully
2025-05-19 21:39:41,715 - trade_simulator - INFO - Models trained successfully
2025-05-19 21:39:41,770 - trade_simulator - INFO - Models trained successfully
2025-05-19 21:39:41,915 - trade_simulator - INFO - Models trained successfully
2025-05-19 21:39:41,941 - trade_simulator - INFO - Models trained successfully
2025-05-19 21:39:42,116 - trade_simulator - INFO - Models trained successfully
2025-05-19 21:39:42,131 - trade_simulator - INFO - Models trained successfully
2025-05-19 21:39:42,305 - trade_simulator - INFO - Models trained successfully
2025-05-19 21:39:42,420 - trade_simulator - INFO - Models trained successfully
2025-05-19 21:39:42,474 - trade_simulator - INFO - Models trained successfully
2025-05-19 21:39:42,618 - trade_simulator - INFO - Models trained successfully
2025-05-19 21:39:42,645 - trade_simulator - INFO - Models trained successfully
2025-05-19 21:39:42,816 - trade_simulator - INFO - Models trained successfully
2025-05-19 21:39:42,831 - trade_simulator - INFO - Models trained successfully
2025-05-19 21:39:42,999 - trade_simulator - INFO - Models trained successfully
2025-05-19 21:39:43,121 - trade_simulator - INFO - Models trained successfully
2025-05-19 21:39:43,170 - trade_simulator - INFO - Models trained successfully
2025-05-19 21:39:43,314 - trade_simulator - INFO - Models trained successfully
2025-05-19 21:39:43,334 - trade_simulator - INFO - Models trained successfully
2025-05-19 21:39:43,520 - trade_simulator - INFO - Models trained successfully
2025-05-19 21:39:43,611 - trade_simulator - INFO - Models trained successfully
2025-05-19 21:39:43,700 - trade_simulator - INFO - Models trained successfully
2025-05-19 21:39:43,814 - trade_simulator - INFO - Models trained successfully
2025-05-19 21:39:43,877 - trade_simulator - INFO - Models trained successfully
2025-05-19 21:39:44,017 - trade_simulator - INFO - Models trained successfully
2025-05-19 21:39:44,045 - trade_simulator - INFO - Models trained successfully
2025-05-19 21:39:44,224 - trade_simulator - INFO - Models trained successfully
2025-05-19 21:39:44,240 - trade_simulator - INFO - Models trained successfully
2025-05-19 21:39:44,434 - trade_simulator - INFO - Models trained successfully
2025-05-19 21:39:44,449 - trade_simulator - INFO - Models trained successfully
2025-05-19 21:39:44,611 - trade_simulator - INFO - Models trained successfully
2025-05-19 21:39:44,632 - trade_simulator - INFO - Models trained successfully
2025-05-19 21:39:44,811 - trade_simulator - INFO - Models trained successfully
2025-05-19 21:39:44,913 - trade_simulator - INFO - Models trained successfully
2025-05-19 21:39:44,995 - trade_simulator - INFO - Models trained successfully
2025-05-19 21:39:45,111 - trade_simulator - INFO - Models trained successfully
2025-05-19 21:39:45,159 - trade_simulator - INFO - Models trained successfully
2025-05-19 21:39:45,317 - trade_simulator - INFO - Models trained successfully
2025-05-19 21:39:45,336 - trade_simulator - INFO - Models trained successfully
2025-05-19 21:39:45,536 - trade_simulator - INFO - Models trained successfully
2025-05-19 21:39:45,551 - trade_simulator - INFO - Models trained successfully
2025-05-19 21:39:45,737 - trade_simulator - INFO - Models trained successfully
2025-05-19 21:39:45,820 - trade_simulator - INFO - Models trained successfully
2025-05-19 21:39:45,910 - trade_simulator - INFO - Models trained successfully
2025-05-19 21:39:46,024 - trade_simulator - INFO - Models trained successfully
2025-05-19 21:39:46,089 - trade_simulator - INFO - Models trained successfully
2025-05-19 21:39:46,221 - trade_simulator - INFO - Models trained successfully
2025-05-19 21:39:46,258 - trade_simulator - INFO - Models trained successfully
2025-05-19 21:39:46,414 - trade_simulator - INFO - Models trained successfully
2025-05-19 21:39:46,431 - trade_simulator - INFO - Models trained successfully
2025-05-19 21:39:46,610 - trade_simulator - INFO - Models trained successfully
2025-05-19 21:39:46,726 - trade_simulator - INFO - Models trained successfully
2025-05-19 21:39:46,783 - trade_simulator - INFO - Models trained successfully
2025-05-19 21:39:46,917 - trade_simulator - INFO - Models trained successfully
2025-05-19 21:39:46,947 - trade_simulator - INFO - Models trained successfully
2025-05-19 21:39:47,126 - trade_simulator - INFO - Models trained successfully
2025-05-19 21:39:47,151 - trade_simulator - INFO - Models trained successfully
2025-05-19 21:39:47,317 - trade_simulator - INFO - Models trained successfully
2025-05-19 21:39:47,333 - trade_simulator - INFO - Models trained successfully
2025-05-19 21:39:47,528 - trade_simulator - INFO - Models trained successfully
2025-05-19 21:39:47,544 - trade_simulator - INFO - Models trained successfully
2025-05-19 21:39:47,716 - trade_simulator - INFO - Models trained successfully
2025-05-19 21:39:47,731 - trade_simulator - INFO - Models trained successfully
2025-05-19 21:39:47,911 - trade_simulator - INFO - Models trained successfully
2025-05-19 21:39:48,039 - trade_simulator - INFO - Models trained successfully
2025-05-19 21:39:48,079 - trade_simulator - INFO - Models trained successfully
2025-05-19 21:39:48,222 - trade_simulator - INFO - Models trained successfully
2025-05-19 21:39:48,252 - trade_simulator - INFO - Models trained successfully
2025-05-19 21:39:48,423 - trade_simulator - INFO - Models trained successfully
2025-05-19 21:39:48,439 - trade_simulator - INFO - Models trained successfully
2025-05-19 21:39:48,608 - trade_simulator - INFO - Models trained successfully
2025-05-19 21:39:48,720 - trade_simulator - INFO - Models trained successfully
2025-05-19 21:39:48,780 - trade_simulator - INFO - Models trained successfully
2025-05-19 21:39:48,916 - trade_simulator - INFO - Models trained successfully
2025-05-19 21:39:48,948 - trade_simulator - INFO - Models trained successfully
2025-05-19 21:39:49,114 - trade_simulator - INFO - Models trained successfully
2025-05-19 21:39:49,129 - trade_simulator - INFO - Models trained successfully
2025-05-19 21:39:49,305 - trade_simulator - INFO - Models trained successfully
2025-05-19 21:39:49,438 - trade_simulator - INFO - Models trained successfully
2025-05-19 21:39:49,439 - trade_simulator - INFO - WebSocket thread event loop closed.
2025-05-19 21:39:51,912 - trade_simulator - ERROR - WebSocket connection error: no running event loop
2025-05-19 21:39:51,913 - asyncio - ERROR - Task was destroyed but it is pending!
task: <Task pending name='Task-223' coro=<WebSocketCommonProtocol.transfer_data() running at /home/ramesh/.local/lib/python3.10/site-packages/websockets/legacy/protocol.py:963> wait_for=<Future pending cb=[Task.task_wakeup()]> cb=[Task.task_wakeup(), _wait.<locals>._on_completion() at /usr/lib/python3.10/asyncio/tasks.py:475]>
2025-05-19 21:39:51,913 - asyncio - ERROR - Task was destroyed but it is pending!
task: <Task pending name='Task-225' coro=<WebSocketCommonProtocol.close_connection() running at /home/ramesh/.local/lib/python3.10/site-packages/websockets/legacy/protocol.py:1301> wait_for=<Task pending name='Task-223' coro=<WebSocketCommonProtocol.transfer_data() running at /home/ramesh/.local/lib/python3.10/site-packages/websockets/legacy/protocol.py:963> wait_for=<Future pending cb=[Task.task_wakeup()]> cb=[Task.task_wakeup(), _wait.<locals>._on_completion() at /usr/lib/python3.10/asyncio/tasks.py:475]>>
2025-05-19 21:39:51,913 - asyncio - ERROR - Task was destroyed but it is pending!
task: <Task pending name='Task-1541' coro=<WebSocketCommonProtocol.recv() running at /home/ramesh/.local/lib/python3.10/site-packages/websockets/legacy/protocol.py:552> wait_for=<Future pending cb=[Task.task_wakeup()]> cb=[_release_waiter(<Future pendi...ask_wakeup()]>)() at /usr/lib/python3.10/asyncio/tasks.py:387]>
2025-05-19 21:45:05,895 - trade_simulator - INFO - Connected to wss://ws.gomarket-cpp.goquant.io/ws/l2-orderbook/okx/BTC-USDT-SWAP
2025-05-19 21:45:15,952 - trade_simulator - INFO - Models trained successfully
2025-05-19 21:45:25,854 - trade_simulator - INFO - Models trained successfully
2025-05-19 21:45:35,828 - trade_simulator - INFO - Models trained successfully
2025-05-19 21:45:45,957 - trade_simulator - INFO - Models trained successfully
2025-05-19 21:45:55,873 - trade_simulator - INFO - Models trained successfully
2025-05-19 21:46:05,867 - trade_simulator - INFO - Models trained successfully
2025-05-19 21:46:19,103 - trade_simulator - WARNING - WebSocket recv timeout; reconnecting...
2025-05-19 21:46:49,123 - trade_simulator - INFO - Waiting 1 seconds before reconnecting...
2025-05-19 21:46:51,496 - trade_simulator - INFO - Connected to wss://ws.gomarket-cpp.goquant.io/ws/l2-orderbook/okx/BTC-USDT-SWAP
2025-05-19 21:46:58,405 - trade_simulator - INFO - Models trained successfully
2025-05-19 21:47:08,458 - trade_simulator - INFO - Models trained successfully
2025-05-19 21:47:18,455 - trade_simulator - INFO - Models trained successfully
2025-05-19 21:47:28,441 - trade_simulator - INFO - Models trained successfully
2025-05-19 21:47:28,591 - trade_simulator - INFO - Models trained successfully
2025-05-19 21:47:28,611 - trade_simulator - INFO - Models trained successfully
2025-05-19 21:47:28,786 - trade_simulator - INFO - Models trained successfully
2025-05-19 21:47:28,808 - trade_simulator - INFO - Models trained successfully
2025-05-19 21:47:28,979 - trade_simulator - INFO - Models trained successfully
2025-05-19 21:47:29,081 - trade_simulator - INFO - Models trained successfully
2025-05-19 21:47:29,151 - trade_simulator - INFO - Models trained successfully
2025-05-19 21:47:29,279 - trade_simulator - INFO - Models trained successfully
2025-05-19 21:47:29,314 - trade_simulator - INFO - Models trained successfully
2025-05-19 21:47:29,486 - trade_simulator - INFO - Models trained successfully
2025-05-19 21:47:29,506 - trade_simulator - INFO - Models trained successfully
2025-05-19 21:47:29,679 - trade_simulator - INFO - Models trained successfully
2025-05-19 21:47:29,701 - trade_simulator - INFO - Models trained successfully
2025-05-19 21:47:29,875 - trade_simulator - INFO - Models trained successfully
2025-05-19 21:47:29,986 - trade_simulator - INFO - Models trained successfully
2025-05-19 21:47:30,049 - trade_simulator - INFO - Models trained successfully
2025-05-19 21:47:30,179 - trade_simulator - INFO - Models trained successfully
2025-05-19 21:47:30,219 - trade_simulator - INFO - Models trained successfully
2025-05-19 21:47:30,385 - trade_simulator - INFO - Models trained successfully
2025-05-19 21:47:30,404 - trade_simulator - INFO - Models trained successfully
2025-05-19 21:47:30,585 - trade_simulator - INFO - Models trained successfully
2025-05-19 21:47:30,718 - trade_simulator - INFO - Models trained successfully
2025-05-19 21:47:30,760 - trade_simulator - INFO - Models trained successfully
2025-05-19 21:47:30,880 - trade_simulator - INFO - Models trained successfully
2025-05-19 21:47:30,931 - trade_simulator - INFO - Models trained successfully
2025-05-19 21:47:31,083 - trade_simulator - INFO - Models trained successfully
2025-05-19 21:47:31,103 - trade_simulator - INFO - Models trained successfully
2025-05-19 21:47:31,301 - trade_simulator - INFO - Models trained successfully
2025-05-19 21:47:31,319 - trade_simulator - INFO - Models trained successfully
2025-05-19 21:47:31,521 - trade_simulator - INFO - Models trained successfully
2025-05-19 21:47:31,541 - trade_simulator - INFO - Models trained successfully
2025-05-19 21:47:31,704 - trade_simulator - INFO - Models trained successfully
2025-05-19 21:47:31,810 - trade_simulator - INFO - Models trained successfully
2025-05-19 21:47:31,877 - trade_simulator - INFO - Models trained successfully
2025-05-19 21:47:31,980 - trade_simulator - INFO - Models trained successfully
2025-05-19 21:47:32,051 - trade_simulator - INFO - Models trained successfully
2025-05-19 21:47:32,180 - trade_simulator - INFO - Models trained successfully
2025-05-19 21:47:32,224 - trade_simulator - INFO - Models trained successfully
2025-05-19 21:47:32,378 - trade_simulator - INFO - Models trained successfully
2025-05-19 21:47:32,420 - trade_simulator - INFO - Models trained successfully
2025-05-19 21:47:32,575 - trade_simulator - INFO - Models trained successfully
2025-05-19 21:47:32,687 - trade_simulator - INFO - Models trained successfully
2025-05-19 21:47:32,742 - trade_simulator - INFO - Models trained successfully
2025-05-19 21:47:32,884 - trade_simulator - INFO - Models trained successfully
2025-05-19 21:47:32,909 - trade_simulator - INFO - Models trained successfully
2025-05-19 21:47:33,081 - trade_simulator - INFO - Models trained successfully
2025-05-19 21:47:33,100 - trade_simulator - INFO - Models trained successfully
2025-05-19 21:47:33,282 - trade_simulator - INFO - Models trained successfully
2025-05-19 21:47:33,304 - trade_simulator - INFO - Models trained successfully
2025-05-19 21:47:33,478 - trade_simulator - INFO - Models trained successfully
2025-05-19 21:47:33,497 - trade_simulator - INFO - Models trained successfully
2025-05-19 21:47:33,672 - trade_simulator - INFO - Models trained successfully
2025-05-19 21:47:33,777 - trade_simulator - INFO - Models trained successfully
2025-05-19 21:47:33,845 - trade_simulator - INFO - Models trained successfully
2025-05-19 21:47:33,980 - trade_simulator - INFO - Models trained successfully
2025-05-19 21:47:34,014 - trade_simulator - INFO - Models trained successfully
2025-05-19 21:47:34,201 - trade_simulator - INFO - Models trained successfully
2025-05-19 21:47:34,220 - trade_simulator - INFO - Models trained successfully
2025-05-19 21:47:34,405 - trade_simulator - INFO - Models trained successfully
2025-05-19 21:47:34,424 - trade_simulator - INFO - Models trained successfully
2025-05-19 21:47:34,586 - trade_simulator - INFO - Models trained successfully
2025-05-19 21:47:34,606 - trade_simulator - INFO - Models trained successfully
2025-05-19 21:47:34,784 - trade_simulator - INFO - Models trained successfully
2025-05-19 21:47:34,806 - trade_simulator - INFO - Models trained successfully
2025-05-19 21:47:34,990 - trade_simulator - INFO - Models trained successfully
2025-05-19 21:47:35,330 - trade_simulator - INFO - Models trained successfully
2025-05-19 21:47:35,349 - trade_simulator - INFO - Models trained successfully
2025-05-19 21:47:35,368 - trade_simulator - INFO - Models trained successfully
2025-05-19 21:47:35,389 - trade_simulator - INFO - Models trained successfully
2025-05-19 21:47:35,484 - trade_simulator - INFO - Models trained successfully
2025-05-19 21:47:35,519 - trade_simulator - INFO - Models trained successfully
2025-05-19 21:47:35,682 - trade_simulator - INFO - Models trained successfully
2025-05-19 21:47:35,702 - trade_simulator - INFO - Models trained successfully
2025-05-19 21:47:35,882 - trade_simulator - INFO - Models trained successfully
2025-05-19 21:47:35,994 - trade_simulator - INFO - Models trained successfully
2025-05-19 21:47:36,061 - trade_simulator - INFO - Models trained successfully
2025-05-19 21:47:36,187 - trade_simulator - INFO - Models trained successfully
2025-05-19 21:47:36,220 - trade_simulator - INFO - Models trained successfully
2025-05-19 21:47:36,377 - trade_simulator - INFO - Models trained successfully
2025-05-19 21:47:36,396 - trade_simulator - INFO - Models trained successfully
2025-05-19 21:47:36,572 - trade_simulator - INFO - Models trained successfully
2025-05-19 21:47:36,687 - trade_simulator - INFO - Models trained successfully
2025-05-19 21:47:36,741 - trade_simulator - INFO - Models trained successfully
2025-05-19 21:47:36,878 - trade_simulator - INFO - Models trained successfully
2025-05-19 21:47:36,909 - trade_simulator - INFO - Models trained successfully
2025-05-19 21:47:37,110 - trade_simulator - INFO - Models trained successfully
2025-05-19 21:47:37,193 - trade_simulator - INFO - Models trained successfully
2025-05-19 21:47:37,288 - trade_simulator - INFO - Models trained successfully
2025-05-19 21:47:37,308 - trade_simulator - INFO - Models trained successfully
2025-05-19 21:47:37,485 - trade_simulator - INFO - Models trained successfully
2025-05-19 21:47:37,579 - trade_simulator - INFO - Models trained successfully
2025-05-19 21:47:37,656 - trade_simulator - INFO - Models trained successfully
2025-05-19 21:47:37,782 - trade_simulator - INFO - Models trained successfully
2025-05-19 21:47:37,820 - trade_simulator - INFO - Models trained successfully
2025-05-19 21:47:37,985 - trade_simulator - INFO - Models trained successfully
2025-05-19 21:47:38,004 - trade_simulator - INFO - Models trained successfully
2025-05-19 21:47:38,180 - trade_simulator - INFO - Models trained successfully
2025-05-19 21:47:38,316 - trade_simulator - INFO - Models trained successfully
2025-05-19 21:47:38,351 - trade_simulator - INFO - Models trained successfully
2025-05-19 21:47:38,501 - trade_simulator - INFO - Models trained successfully
2025-05-19 21:47:38,520 - trade_simulator - INFO - Models trained successfully
2025-05-19 21:47:38,685 - trade_simulator - INFO - Models trained successfully
2025-05-19 21:47:38,704 - trade_simulator - INFO - Models trained successfully
2025-05-19 21:47:38,883 - trade_simulator - INFO - Models trained successfully
2025-05-19 21:47:38,993 - trade_simulator - INFO - Models trained successfully
2025-05-19 21:47:39,054 - trade_simulator - INFO - Models trained successfully
2025-05-19 21:47:39,188 - trade_simulator - INFO - Models trained successfully
2025-05-19 21:47:39,220 - trade_simulator - INFO - Models trained successfully
2025-05-19 21:47:39,406 - trade_simulator - INFO - Models trained successfully
2025-05-19 21:47:39,425 - trade_simulator - INFO - Models trained successfully
2025-05-19 21:47:39,583 - trade_simulator - INFO - Models trained successfully
2025-05-19 21:47:39,602 - trade_simulator - INFO - Models trained successfully
2025-05-19 21:47:39,774 - trade_simulator - INFO - Models trained successfully
2025-05-19 21:47:39,884 - trade_simulator - INFO - Models trained successfully
2025-05-19 21:47:39,950 - trade_simulator - INFO - Models trained successfully
2025-05-19 21:47:40,080 - trade_simulator - INFO - Models trained successfully
2025-05-19 21:47:40,115 - trade_simulator - INFO - Models trained successfully
2025-05-19 21:47:40,276 - trade_simulator - INFO - Models trained successfully
2025-05-19 21:47:40,297 - trade_simulator - INFO - Models trained successfully
2025-05-19 21:47:40,477 - trade_simulator - INFO - Models trained successfully
2025-05-19 21:47:40,578 - trade_simulator - INFO - Models trained successfully
2025-05-19 21:47:40,644 - trade_simulator - INFO - Models trained successfully
2025-05-19 21:47:40,786 - trade_simulator - INFO - Models trained successfully
2025-05-19 21:47:40,811 - trade_simulator - INFO - Models trained successfully
2025-05-19 21:47:40,999 - trade_simulator - INFO - Models trained successfully
2025-05-19 21:47:41,018 - trade_simulator - INFO - Models trained successfully
2025-05-19 21:47:41,182 - trade_simulator - INFO - Models trained successfully
2025-05-19 21:47:41,203 - trade_simulator - INFO - Models trained successfully
2025-05-19 21:47:41,377 - trade_simulator - INFO - Models trained successfully
2025-05-19 21:47:41,481 - trade_simulator - INFO - Models trained successfully
2025-05-19 21:47:41,543 - trade_simulator - INFO - Models trained successfully
2025-05-19 21:47:41,685 - trade_simulator - INFO - Models trained successfully
2025-05-19 21:47:41,711 - trade_simulator - INFO - Models trained successfully
2025-05-19 21:47:41,898 - trade_simulator - INFO - Models trained successfully
2025-05-19 21:47:41,916 - trade_simulator - INFO - Models trained successfully
2025-05-19 21:47:42,095 - trade_simulator - INFO - Models trained successfully
2025-05-19 21:47:42,114 - trade_simulator - INFO - Models trained successfully
2025-05-19 21:47:42,267 - trade_simulator - INFO - Models trained successfully
2025-05-19 21:47:42,390 - trade_simulator - INFO - Models trained successfully
2025-05-19 21:47:42,437 - trade_simulator - INFO - Models trained successfully
2025-05-19 21:47:42,584 - trade_simulator - INFO - Models trained successfully
2025-05-19 21:47:42,604 - trade_simulator - INFO - Models trained successfully
2025-05-19 21:47:42,781 - trade_simulator - INFO - Models trained successfully
2025-05-19 21:47:42,880 - trade_simulator - INFO - Models trained successfully
2025-05-19 21:47:42,951 - trade_simulator - INFO - Models trained successfully
2025-05-19 21:47:43,081 - trade_simulator - INFO - Models trained successfully
2025-05-19 21:47:43,121 - trade_simulator - INFO - Models trained successfully
2025-05-19 21:47:43,295 - trade_simulator - INFO - Models trained successfully
2025-05-19 21:47:43,314 - trade_simulator - INFO - Models trained successfully
2025-05-19 21:47:43,488 - trade_simulator - INFO - Models trained successfully
2025-05-19 21:47:43,508 - trade_simulator - INFO - Models trained successfully
2025-05-19 21:47:43,682 - trade_simulator - INFO - Models trained successfully
2025-05-19 21:47:43,784 - trade_simulator - INFO - Models trained successfully
2025-05-19 21:47:43,854 - trade_simulator - INFO - Models trained successfully
2025-05-19 21:47:43,976 - trade_simulator - INFO - Models trained successfully
2025-05-19 21:47:44,020 - trade_simulator - INFO - Models trained successfully
2025-05-19 21:47:44,182 - trade_simulator - INFO - Models trained successfully
2025-05-19 21:47:44,202 - trade_simulator - INFO - Models trained successfully
2025-05-19 21:47:44,380 - trade_simulator - INFO - Models trained successfully
2025-05-19 21:47:44,492 - trade_simulator - INFO - Models trained successfully
2025-05-19 21:47:44,558 - trade_simulator - INFO - Models trained successfully
2025-05-19 21:47:44,678 - trade_simulator - INFO - Models trained successfully
2025-05-19 21:47:44,753 - trade_simulator - INFO - Models trained successfully
2025-05-19 21:47:44,884 - trade_simulator - INFO - Models trained successfully
2025-05-19 21:47:44,926 - trade_simulator - INFO - Models trained successfully
2025-05-19 21:47:45,083 - trade_simulator - INFO - Models trained successfully
2025-05-19 21:47:45,103 - trade_simulator - INFO - Models trained successfully
2025-05-19 21:47:45,282 - trade_simulator - INFO - Models trained successfully
2025-05-19 21:47:45,302 - trade_simulator - INFO - Models trained successfully
2025-05-19 21:47:45,476 - trade_simulator - INFO - Models trained successfully
2025-05-19 21:47:45,581 - trade_simulator - INFO - Models trained successfully
2025-05-19 21:47:45,652 - trade_simulator - INFO - Models trained successfully
2025-05-19 21:47:45,782 - trade_simulator - INFO - Models trained successfully
2025-05-19 21:47:45,816 - trade_simulator - INFO - Models trained successfully
2025-05-19 21:47:45,981 - trade_simulator - INFO - Models trained successfully
2025-05-19 21:47:46,001 - trade_simulator - INFO - Models trained successfully
2025-05-19 21:47:46,175 - trade_simulator - INFO - Models trained successfully
2025-05-19 21:47:46,288 - trade_simulator - INFO - Models trained successfully
2025-05-19 21:47:46,349 - trade_simulator - INFO - Models trained successfully
2025-05-19 21:47:46,493 - trade_simulator - INFO - Models trained successfully
2025-05-19 21:47:46,525 - trade_simulator - INFO - Models trained successfully
2025-05-19 21:47:46,698 - trade_simulator - INFO - Models trained successfully
2025-05-19 21:47:46,717 - trade_simulator - INFO - Models trained successfully
2025-05-19 21:47:46,882 - trade_simulator - INFO - Models trained successfully
2025-05-19 21:47:46,901 - trade_simulator - INFO - Models trained successfully
2025-05-19 21:47:47,077 - trade_simulator - INFO - Models trained successfully
2025-05-19 21:47:47,180 - trade_simulator - INFO - Models trained successfully
2025-05-19 21:47:47,253 - trade_simulator - INFO - Models trained successfully
2025-05-19 21:47:47,385 - trade_simulator - INFO - Models trained successfully
2025-05-19 21:47:47,416 - trade_simulator - INFO - Models trained successfully
2025-05-19 21:47:47,583 - trade_simulator - INFO - Models trained successfully
2025-05-19 21:47:47,605 - trade_simulator - INFO - Models trained successfully
2025-05-19 21:47:47,779 - trade_simulator - INFO - Models trained successfully
2025-05-19 21:47:47,884 - trade_simulator - INFO - Models trained successfully
2025-05-19 21:47:47,942 - trade_simulator - INFO - Models trained successfully
2025-05-19 21:47:48,082 - trade_simulator - INFO - Models trained successfully
2025-05-19 21:47:48,109 - trade_simulator - INFO - Models trained successfully
2025-05-19 21:47:48,314 - trade_simulator - INFO - Models trained successfully
2025-05-19 21:47:48,334 - trade_simulator - INFO - Models trained successfully
2025-05-19 21:47:48,498 - trade_simulator - INFO - Models trained successfully
2025-05-19 21:47:48,518 - trade_simulator - INFO - Models trained successfully
2025-05-19 21:47:48,683 - trade_simulator - INFO - Models trained successfully
2025-05-19 21:47:48,704 - trade_simulator - INFO - Models trained successfully
2025-05-19 21:47:48,880 - trade_simulator - INFO - Models trained successfully
2025-05-19 21:47:48,992 - trade_simulator - INFO - Models trained successfully
2025-05-19 21:47:49,056 - trade_simulator - INFO - Models trained successfully
2025-05-19 21:47:49,193 - trade_simulator - INFO - Models trained successfully
2025-05-19 21:47:49,222 - trade_simulator - INFO - Models trained successfully
2025-05-19 21:47:49,391 - trade_simulator - INFO - Models trained successfully
2025-05-19 21:47:49,501 - trade_simulator - INFO - Models trained successfully
2025-05-19 21:47:49,580 - trade_simulator - INFO - Models trained successfully
2025-05-19 21:47:49,680 - trade_simulator - INFO - Models trained successfully
2025-05-19 21:47:49,744 - trade_simulator - INFO - Models trained successfully
2025-05-19 21:47:49,884 - trade_simulator - INFO - Models trained successfully
2025-05-19 21:47:49,911 - trade_simulator - INFO - Models trained successfully
2025-05-19 21:47:50,081 - trade_simulator - INFO - Models trained successfully
2025-05-19 21:47:50,100 - trade_simulator - INFO - Models trained successfully
2025-05-19 21:47:50,285 - trade_simulator - INFO - Models trained successfully
2025-05-19 21:47:50,379 - trade_simulator - INFO - Models trained successfully
2025-05-19 21:47:50,463 - trade_simulator - INFO - Models trained successfully
2025-05-19 21:47:50,581 - trade_simulator - INFO - Models trained successfully
2025-05-19 21:47:50,626 - trade_simulator - INFO - Models trained successfully
2025-05-19 21:47:50,781 - trade_simulator - INFO - Models trained successfully
2025-05-19 21:47:50,803 - trade_simulator - INFO - Models trained successfully
2025-05-19 21:47:50,971 - trade_simulator - INFO - Models trained successfully
2025-05-19 21:47:51,078 - trade_simulator - INFO - Models trained successfully
2025-05-19 21:47:51,153 - trade_simulator - INFO - Models trained successfully
2025-05-19 21:47:51,278 - trade_simulator - INFO - Models trained successfully
2025-05-19 21:47:51,321 - trade_simulator - INFO - Models trained successfully
2025-05-19 21:47:51,482 - trade_simulator - INFO - Models trained successfully
2025-05-19 21:47:51,502 - trade_simulator - INFO - Models trained successfully
2025-05-19 21:47:51,681 - trade_simulator - INFO - Models trained successfully
2025-05-19 21:47:51,700 - trade_simulator - INFO - Models trained successfully
2025-05-19 21:47:51,876 - trade_simulator - INFO - Models trained successfully
2025-05-19 21:47:51,895 - trade_simulator - INFO - Models trained successfully
2025-05-19 21:47:52,071 - trade_simulator - INFO - Models trained successfully
2025-05-19 21:47:52,227 - trade_simulator - INFO - Models trained successfully
2025-05-19 21:47:52,247 - trade_simulator - INFO - Models trained successfully
2025-05-19 21:47:52,381 - trade_simulator - INFO - Models trained successfully
2025-05-19 21:47:52,422 - trade_simulator - INFO - Models trained successfully
2025-05-19 21:47:52,589 - trade_simulator - INFO - Models trained successfully
2025-05-19 21:47:52,609 - trade_simulator - INFO - Models trained successfully
2025-05-19 21:47:52,781 - trade_simulator - INFO - Models trained successfully
2025-05-19 21:47:52,800 - trade_simulator - INFO - Models trained successfully
2025-05-19 21:47:52,978 - trade_simulator - INFO - Models trained successfully
2025-05-19 21:47:53,094 - trade_simulator - INFO - Models trained successfully
2025-05-19 21:47:53,159 - trade_simulator - INFO - Models trained successfully
2025-05-19 21:47:53,278 - trade_simulator - INFO - Models trained successfully
2025-05-19 21:47:53,322 - trade_simulator - INFO - Models trained successfully
2025-05-19 21:47:53,481 - trade_simulator - INFO - Models trained successfully
2025-05-19 21:47:53,501 - trade_simulator - INFO - Models trained successfully
2025-05-19 21:47:53,679 - trade_simulator - INFO - Models trained successfully
2025-05-19 21:47:53,697 - trade_simulator - INFO - Models trained successfully
2025-05-19 21:47:53,872 - trade_simulator - INFO - Models trained successfully
2025-05-19 21:47:53,987 - trade_simulator - INFO - Models trained successfully
2025-05-19 21:47:54,040 - trade_simulator - INFO - Models trained successfully
2025-05-19 21:47:54,182 - trade_simulator - INFO - Models trained successfully
2025-05-19 21:47:54,205 - trade_simulator - INFO - Models trained successfully
2025-05-19 21:47:54,384 - trade_simulator - INFO - Models trained successfully
2025-05-19 21:47:54,481 - trade_simulator - INFO - Models trained successfully
2025-05-19 21:47:54,549 - trade_simulator - INFO - Models trained successfully
2025-05-19 21:47:54,687 - trade_simulator - INFO - Models trained successfully
2025-05-19 21:47:54,716 - trade_simulator - INFO - Models trained successfully
2025-05-19 21:47:54,883 - trade_simulator - INFO - Models trained successfully
2025-05-19 21:47:54,902 - trade_simulator - INFO - Models trained successfully
2025-05-19 21:47:55,076 - trade_simulator - INFO - Models trained successfully
2025-05-19 21:47:55,183 - trade_simulator - INFO - Models trained successfully
2025-05-19 21:47:55,254 - trade_simulator - INFO - Models trained successfully
2025-05-19 21:47:55,386 - trade_simulator - INFO - Models trained successfully
2025-05-19 21:47:55,420 - trade_simulator - INFO - Models trained successfully
2025-05-19 21:47:55,582 - trade_simulator - INFO - Models trained successfully
2025-05-19 21:47:55,602 - trade_simulator - INFO - Models trained successfully
2025-05-19 21:47:55,781 - trade_simulator - INFO - Models trained successfully
2025-05-19 21:47:55,885 - trade_simulator - INFO - Models trained successfully
2025-05-19 21:47:55,953 - trade_simulator - INFO - Models trained successfully
2025-05-19 21:47:56,088 - trade_simulator - INFO - Models trained successfully
2025-05-19 21:47:56,121 - trade_simulator - INFO - Models trained successfully
2025-05-19 21:47:56,292 - trade_simulator - INFO - Models trained successfully
2025-05-19 21:47:56,312 - trade_simulator - INFO - Models trained successfully
2025-05-19 21:47:56,489 - trade_simulator - INFO - Models trained successfully
2025-05-19 21:47:56,587 - trade_simulator - INFO - Models trained successfully
2025-05-19 21:47:56,669 - trade_simulator - INFO - Models trained successfully
2025-05-19 21:47:56,778 - trade_simulator - INFO - Models trained successfully
2025-05-19 21:47:56,833 - trade_simulator - INFO - Models trained successfully
2025-05-19 21:47:56,985 - trade_simulator - INFO - Models trained successfully
2025-05-19 21:47:57,005 - trade_simulator - INFO - Models trained successfully
2025-05-19 21:47:57,187 - trade_simulator - INFO - Models trained successfully
2025-05-19 21:47:57,296 - trade_simulator - INFO - Models trained successfully
2025-05-19 21:47:57,371 - trade_simulator - INFO - Models trained successfully
2025-05-19 21:47:57,488 - trade_simulator - INFO - Models trained successfully
2025-05-19 21:47:57,547 - trade_simulator - INFO - Models trained successfully
2025-05-19 21:47:57,687 - trade_simulator - INFO - Models trained successfully
2025-05-19 21:47:57,711 - trade_simulator - INFO - Models trained successfully
2025-05-19 21:47:57,885 - trade_simulator - INFO - Models trained successfully
2025-05-19 21:47:57,904 - trade_simulator - INFO - Models trained successfully
2025-05-19 21:47:58,078 - trade_simulator - INFO - Models trained successfully
2025-05-19 21:47:58,181 - trade_simulator - INFO - Models trained successfully
2025-05-19 21:47:58,252 - trade_simulator - INFO - Models trained successfully
2025-05-19 21:47:58,387 - trade_simulator - INFO - Models trained successfully
2025-05-19 21:47:58,422 - trade_simulator - INFO - Models trained successfully
2025-05-19 21:47:58,582 - trade_simulator - INFO - Models trained successfully
2025-05-19 21:47:58,612 - trade_simulator - INFO - Models trained successfully
2025-05-19 21:47:58,802 - trade_simulator - INFO - Models trained successfully
2025-05-19 21:47:58,822 - trade_simulator - INFO - Models trained successfully
2025-05-19 21:47:58,981 - trade_simulator - INFO - Models trained successfully
2025-05-19 21:47:59,082 - trade_simulator - INFO - Models trained successfully
2025-05-19 21:47:59,158 - trade_simulator - INFO - Models trained successfully
2025-05-19 21:47:59,277 - trade_simulator - INFO - Models trained successfully
2025-05-19 21:47:59,323 - trade_simulator - INFO - Models trained successfully
2025-05-19 21:47:59,485 - trade_simulator - INFO - Models trained successfully
2025-05-19 21:47:59,504 - trade_simulator - INFO - Models trained successfully
2025-05-19 21:47:59,679 - trade_simulator - INFO - Models trained successfully
2025-05-19 21:47:59,698 - trade_simulator - INFO - Models trained successfully
2025-05-19 21:47:59,880 - trade_simulator - INFO - Models trained successfully
2025-05-19 21:47:59,982 - trade_simulator - INFO - Models trained successfully
2025-05-19 21:48:00,042 - trade_simulator - INFO - Models trained successfully
2025-05-19 21:48:00,182 - trade_simulator - INFO - Models trained successfully
2025-05-19 21:48:00,210 - trade_simulator - INFO - Models trained successfully
2025-05-19 21:48:00,382 - trade_simulator - INFO - Models trained successfully
2025-05-19 21:48:00,402 - trade_simulator - INFO - Models trained successfully
2025-05-19 21:48:00,575 - trade_simulator - INFO - Models trained successfully
2025-05-19 21:48:00,689 - trade_simulator - INFO - Models trained successfully
2025-05-19 21:48:00,745 - trade_simulator - INFO - Models trained successfully
2025-05-19 21:48:00,880 - trade_simulator - INFO - Models trained successfully
2025-05-19 21:48:00,910 - trade_simulator - INFO - Models trained successfully
2025-05-19 21:48:01,084 - trade_simulator - INFO - Models trained successfully
2025-05-19 21:48:01,103 - trade_simulator - INFO - Models trained successfully
2025-05-19 21:48:01,280 - trade_simulator - INFO - Models trained successfully
2025-05-19 21:48:01,391 - trade_simulator - INFO - Models trained successfully
2025-05-19 21:48:01,459 - trade_simulator - INFO - Models trained successfully
2025-05-19 21:48:01,588 - trade_simulator - INFO - Models trained successfully
2025-05-19 21:48:01,623 - trade_simulator - INFO - Models trained successfully
2025-05-19 21:48:01,782 - trade_simulator - INFO - Models trained successfully
2025-05-19 21:48:01,805 - trade_simulator - INFO - Models trained successfully
2025-05-19 21:48:01,985 - trade_simulator - INFO - Models trained successfully
2025-05-19 21:48:02,085 - trade_simulator - INFO - Models trained successfully
2025-05-19 21:48:02,160 - trade_simulator - INFO - Models trained successfully
2025-05-19 21:48:02,281 - trade_simulator - INFO - Models trained successfully
2025-05-19 21:48:02,333 - trade_simulator - INFO - Models trained successfully
2025-05-19 21:48:02,487 - trade_simulator - INFO - Models trained successfully
2025-05-19 21:48:02,507 - trade_simulator - INFO - Models trained successfully
2025-05-19 21:48:02,683 - trade_simulator - INFO - Models trained successfully
2025-05-19 21:48:02,702 - trade_simulator - INFO - Models trained successfully
2025-05-19 21:48:02,881 - trade_simulator - INFO - Models trained successfully
2025-05-19 21:48:02,984 - trade_simulator - INFO - Models trained successfully
2025-05-19 21:48:03,059 - trade_simulator - INFO - Models trained successfully
2025-05-19 21:48:03,184 - trade_simulator - INFO - Models trained successfully
2025-05-19 21:48:03,222 - trade_simulator - INFO - Models trained successfully
2025-05-19 21:48:03,390 - trade_simulator - INFO - Models trained successfully
2025-05-19 21:48:03,410 - trade_simulator - INFO - Models trained successfully
2025-05-19 21:48:03,582 - trade_simulator - INFO - Models trained successfully
2025-05-19 21:48:03,602 - trade_simulator - INFO - Models trained successfully
2025-05-19 21:48:04,004 - trade_simulator - INFO - Models trained successfully
2025-05-19 21:48:04,026 - trade_simulator - INFO - Models trained successfully
2025-05-19 21:48:04,046 - trade_simulator - INFO - Models trained successfully
2025-05-19 21:48:04,084 - trade_simulator - INFO - Models trained successfully
2025-05-19 21:48:04,105 - trade_simulator - INFO - Models trained successfully
2025-05-19 21:48:04,280 - trade_simulator - INFO - Models trained successfully
2025-05-19 21:48:04,300 - trade_simulator - INFO - Models trained successfully
2025-05-19 21:48:04,477 - trade_simulator - INFO - Models trained successfully
2025-05-19 21:48:04,591 - trade_simulator - INFO - Models trained successfully
2025-05-19 21:48:04,645 - trade_simulator - INFO - Models trained successfully
2025-05-19 21:48:04,790 - trade_simulator - INFO - Models trained successfully
2025-05-19 21:48:04,813 - trade_simulator - INFO - Models trained successfully
2025-05-19 21:48:05,014 - trade_simulator - INFO - Models trained successfully
2025-05-19 21:48:05,033 - trade_simulator - INFO - Models trained successfully
2025-05-19 21:48:05,173 - trade_simulator - INFO - Models trained successfully
2025-05-19 21:48:05,274 - trade_simulator - INFO - Models trained successfully
2025-05-19 21:48:05,340 - trade_simulator - INFO - Models trained successfully
2025-05-19 21:48:05,490 - trade_simulator - INFO - Models trained successfully
2025-05-19 21:48:05,510 - trade_simulator - INFO - Models trained successfully
2025-05-19 21:48:05,705 - trade_simulator - INFO - Models trained successfully
2025-05-19 21:48:05,788 - trade_simulator - INFO - Models trained successfully
2025-05-19 21:48:05,883 - trade_simulator - INFO - Models trained successfully
2025-05-19 21:48:05,986 - trade_simulator - INFO - Models trained successfully
2025-05-19 21:48:06,054 - trade_simulator - INFO - Models trained successfully
2025-05-19 21:48:06,179 - trade_simulator - INFO - Models trained successfully
2025-05-19 21:48:06,222 - trade_simulator - INFO - Models trained successfully
2025-05-19 21:48:06,414 - trade_simulator - INFO - Models trained successfully
2025-05-19 21:48:06,434 - trade_simulator - INFO - Models trained successfully
2025-05-19 21:48:06,585 - trade_simulator - INFO - Models trained successfully
2025-05-19 21:48:06,605 - trade_simulator - INFO - Models trained successfully
2025-05-19 21:48:06,785 - trade_simulator - INFO - Models trained successfully
2025-05-19 21:48:06,892 - trade_simulator - INFO - Models trained successfully
2025-05-19 21:48:06,959 - trade_simulator - INFO - Models trained successfully
2025-05-19 21:48:07,106 - trade_simulator - INFO - Models trained successfully
2025-05-19 21:48:07,125 - trade_simulator - INFO - Models trained successfully
2025-05-19 21:48:07,287 - trade_simulator - INFO - Models trained successfully
2025-05-19 21:48:07,306 - trade_simulator - INFO - Models trained successfully
2025-05-19 21:48:07,481 - trade_simulator - INFO - Models trained successfully
2025-05-19 21:48:07,609 - trade_simulator - INFO - Models trained successfully
2025-05-19 21:48:07,648 - trade_simulator - INFO - Models trained successfully
2025-05-19 21:48:07,779 - trade_simulator - INFO - Models trained successfully
2025-05-19 21:48:07,817 - trade_simulator - INFO - Models trained successfully
2025-05-19 21:48:07,987 - trade_simulator - INFO - Models trained successfully
2025-05-19 21:48:08,007 - trade_simulator - INFO - Models trained successfully
2025-05-19 21:48:08,182 - trade_simulator - INFO - Models trained successfully
2025-05-19 21:48:08,202 - trade_simulator - INFO - Models trained successfully
2025-05-19 21:48:08,376 - trade_simulator - INFO - Models trained successfully
2025-05-19 21:48:08,488 - trade_simulator - INFO - Models trained successfully
2025-05-19 21:48:08,556 - trade_simulator - INFO - Models trained successfully
2025-05-19 21:48:08,678 - trade_simulator - INFO - Models trained successfully
2025-05-19 21:48:08,727 - trade_simulator - INFO - Models trained successfully
2025-05-19 21:48:08,878 - trade_simulator - INFO - Models trained successfully
2025-05-19 21:48:08,897 - trade_simulator - INFO - Models trained successfully
2025-05-19 21:48:09,070 - trade_simulator - INFO - Models trained successfully
2025-05-19 21:48:09,183 - trade_simulator - INFO - Models trained successfully
2025-05-19 21:48:09,239 - trade_simulator - INFO - Models trained successfully
2025-05-19 21:48:09,382 - trade_simulator - INFO - Models trained successfully
2025-05-19 21:48:09,411 - trade_simulator - INFO - Models trained successfully
2025-05-19 21:48:09,592 - trade_simulator - INFO - Models trained successfully
2025-05-19 21:48:09,612 - trade_simulator - INFO - Models trained successfully
2025-05-19 21:48:09,784 - trade_simulator - INFO - Models trained successfully
2025-05-19 21:48:09,803 - trade_simulator - INFO - Models trained successfully
2025-05-19 21:48:09,974 - trade_simulator - INFO - Models trained successfully
2025-05-19 21:48:10,107 - trade_simulator - INFO - Models trained successfully
2025-05-19 21:48:10,146 - trade_simulator - INFO - Models trained successfully
2025-05-19 21:48:10,290 - trade_simulator - INFO - Models trained successfully
2025-05-19 21:48:10,313 - trade_simulator - INFO - Models trained successfully
2025-05-19 21:48:10,489 - trade_simulator - INFO - Models trained successfully
2025-05-19 21:48:10,509 - trade_simulator - INFO - Models trained successfully
2025-05-19 21:48:10,685 - trade_simulator - INFO - Models trained successfully
2025-05-19 21:48:10,790 - trade_simulator - INFO - Models trained successfully
2025-05-19 21:48:10,859 - trade_simulator - INFO - Models trained successfully
2025-05-19 21:48:10,983 - trade_simulator - INFO - Models trained successfully
2025-05-19 21:48:11,022 - trade_simulator - INFO - Models trained successfully
2025-05-19 21:48:11,183 - trade_simulator - INFO - Models trained successfully
2025-05-19 21:48:11,201 - trade_simulator - INFO - Models trained successfully
2025-05-19 21:48:11,394 - trade_simulator - INFO - Models trained successfully
2025-05-19 21:48:11,492 - trade_simulator - INFO - Models trained successfully
2025-05-19 21:48:11,573 - trade_simulator - INFO - Models trained successfully
2025-05-19 21:48:11,684 - trade_simulator - INFO - Models trained successfully
2025-05-19 21:48:11,742 - trade_simulator - INFO - Models trained successfully
2025-05-19 21:48:11,886 - trade_simulator - INFO - Models trained successfully
2025-05-19 21:48:11,908 - trade_simulator - INFO - Models trained successfully
2025-05-19 21:48:12,088 - trade_simulator - INFO - Models trained successfully
2025-05-19 21:48:12,109 - trade_simulator - INFO - Models trained successfully
2025-05-19 21:48:12,284 - trade_simulator - INFO - Models trained successfully
2025-05-19 21:48:12,389 - trade_simulator - INFO - Models trained successfully
2025-05-19 21:48:12,450 - trade_simulator - INFO - Models trained successfully
2025-05-19 21:48:12,617 - trade_simulator - INFO - Models trained successfully
2025-05-19 21:48:12,637 - trade_simulator - INFO - Models trained successfully
2025-05-19 21:48:12,789 - trade_simulator - INFO - Models trained successfully
2025-05-19 21:48:12,811 - trade_simulator - INFO - Models trained successfully
2025-05-19 21:48:12,982 - trade_simulator - INFO - Models trained successfully
2025-05-19 21:48:13,002 - trade_simulator - INFO - Models trained successfully
2025-05-19 21:48:13,179 - trade_simulator - INFO - Models trained successfully
2025-05-19 21:48:13,283 - trade_simulator - INFO - Models trained successfully
2025-05-19 21:48:13,350 - trade_simulator - INFO - Models trained successfully
2025-05-19 21:48:13,485 - trade_simulator - INFO - Models trained successfully
2025-05-19 21:48:13,513 - trade_simulator - INFO - Models trained successfully
2025-05-19 21:48:13,683 - trade_simulator - INFO - Models trained successfully
2025-05-19 21:48:13,704 - trade_simulator - INFO - Models trained successfully
2025-05-19 21:48:13,878 - trade_simulator - INFO - Models trained successfully
2025-05-19 21:48:13,983 - trade_simulator - INFO - Models trained successfully
2025-05-19 21:48:14,050 - trade_simulator - INFO - Models trained successfully
2025-05-19 21:48:14,182 - trade_simulator - INFO - Models trained successfully
2025-05-19 21:48:14,222 - trade_simulator - INFO - Models trained successfully
2025-05-19 21:48:14,390 - trade_simulator - INFO - Models trained successfully
2025-05-19 21:48:14,410 - trade_simulator - INFO - Models trained successfully
2025-05-19 21:48:14,587 - trade_simulator - INFO - Models trained successfully
2025-05-19 21:48:14,608 - trade_simulator - INFO - Models trained successfully
2025-05-19 21:48:14,784 - trade_simulator - INFO - Models trained successfully
2025-05-19 21:48:14,891 - trade_simulator - INFO - Models trained successfully
2025-05-19 21:48:14,963 - trade_simulator - INFO - Models trained successfully
2025-05-19 21:48:15,084 - trade_simulator - INFO - Models trained successfully
2025-05-19 21:48:15,126 - trade_simulator - INFO - Models trained successfully
2025-05-19 21:48:15,284 - trade_simulator - INFO - Models trained successfully
2025-05-19 21:48:15,303 - trade_simulator - INFO - Models trained successfully
2025-05-19 21:48:15,480 - trade_simulator - INFO - Models trained successfully
2025-05-19 21:48:15,588 - trade_simulator - INFO - Models trained successfully
2025-05-19 21:48:15,652 - trade_simulator - INFO - Models trained successfully
2025-05-19 21:48:15,882 - trade_simulator - INFO - Models trained successfully
2025-05-19 21:48:15,902 - trade_simulator - INFO - Models trained successfully
2025-05-19 21:48:15,923 - trade_simulator - INFO - WebSocket thread event loop closed.
2025-05-19 21:48:19,924 - trade_simulator - ERROR - WebSocket connection error: no running event loop
2025-05-19 21:48:19,925 - asyncio - ERROR - Task was destroyed but it is pending!
task: <Task pending name='Task-636' coro=<WebSocketCommonProtocol.transfer_data() running at /home/ramesh/.local/lib/python3.10/site-packages/websockets/legacy/protocol.py:963> wait_for=<Future pending cb=[Task.task_wakeup()]> cb=[Task.task_wakeup(), _wait.<locals>._on_completion() at /usr/lib/python3.10/asyncio/tasks.py:475]>
2025-05-19 21:48:19,925 - asyncio - ERROR - Task was destroyed but it is pending!
task: <Task pending name='Task-638' coro=<WebSocketCommonProtocol.close_connection() running at /home/ramesh/.local/lib/python3.10/site-packages/websockets/legacy/protocol.py:1301> wait_for=<Task pending name='Task-636' coro=<WebSocketCommonProtocol.transfer_data() running at /home/ramesh/.local/lib/python3.10/site-packages/websockets/legacy/protocol.py:963> wait_for=<Future pending cb=[Task.task_wakeup()]> cb=[Task.task_wakeup(), _wait.<locals>._on_completion() at /usr/lib/python3.10/asyncio/tasks.py:475]>>
2025-05-19 21:48:19,925 - asyncio - ERROR - Task was destroyed but it is pending!
task: <Task pending name='Task-1483' coro=<WebSocketCommonProtocol.recv() running at /home/ramesh/.local/lib/python3.10/site-packages/websockets/legacy/protocol.py:552> wait_for=<Future pending cb=[Task.task_wakeup()]> cb=[_release_waiter(<Future pendi...ask_wakeup()]>)() at /usr/lib/python3.10/asyncio/tasks.py:387]>
